4287
0 0 5 1
6 0 11 1
12 0 17 1
18 0 23 1
24 0 29 1
30 0 35 1
42 0 47 1
48 0 53 1
54 0 59 1
60 0 65 1
66 0 71 1
72 0 77 1
84 0 89 1
90 0 95 1
96 0 101 1
108 0 113 1
114 0 119 1
120 0 125 1
126 0 131 1
132 0 137 1
138 0 143 1
144 0 149 1
150 0 155 1
156 0 161 1
162 0 167 1
168 0 173 1
174 0 179 1
180 0 185 1
186 0 191 1
192 0 197 1
0 2 5 3
6 2 8 5
9 2 14 3
15 2 20 3
21 2 21 13
35 2 35 13
36 2 36 13
38 2 38 13
39 2 44 3
45 2 48 4
49 2 49 13
51 2 56 3
57 2 68 2
69 2 74 3
81 2 84 4
86 2 86 13
87 2 89 5
90 2 92 5
93 2 96 4
97 2 100 4
101 2 101 13
102 2 104 5
107 2 107 13
108 2 111 4
112 2 112 13
113 2 113 13
114 2 119 3
120 2 131 2
132 2 134 5
136 2 139 4
140 2 140 13
141 2 143 5
144 2 144 13
145 2 146 7
147 2 150 4
151 2 151 13
152 2 163 2
164 2 164 13
165 2 166 7
173 2 173 13
174 2 175 7
176 2 179 4
180 2 180 13
181 2 181 13
182 2 184 5
22 3 22 14
23 3 24 8
25 3 26 8
27 3 27 14
57 3 57 14
58 3 60 6
61 3 61 14
66 3 69 5
120 3 120 14
125 3 130 4
131 3 132 8
152 3 153 8
154 3 156 6
157 3 162 4
163 3 174 3
185 3 185 14
186 3 187 8
188 3 199 3
0 4 5 5
9 4 10 9
11 4 22 4
39 4 39 15
40 4 40 15
41 4 42 9
43 4 43 15
44 4 47 6
51 4 53 7
54 4 57 6
70 4 70 15
71 4 71 15
72 4 72 15
73 4 73 15
74 4 74 15
75 4 75 15
76 4 87 4
114 4 115 9
116 4 116 15
117 4 117 15
118 4 120 7
163 4 164 9
167 4 167 15
168 4 173 5
188 4 188 15
189 4 189 15
190 4 191 9
192 4 192 15
193 4 198 5
11 5 13 8
14 5 14 16
15 5 16 10
17 5 17 16
18 5 21 7
28 5 28 16
29 5 30 10
31 5 31 16
32 5 32 16
33 5 33 16
48 5 59 5
76 5 79 7
80 5 81 10
82 5 82 16
83 5 83 16
84 5 84 16
93 5 93 16
94 5 94 16
95 5 95 16
96 5 96 16
98 5 100 8
108 5 109 10
125 5 125 16
126 5 131 6
137 5 137 16
139 5 139 16
147 5 147 16
148 5 149 10
150 5 150 16
157 5 157 16
158 5 160 8
161 5 161 16
162 5 162 16
176 5 178 8
179 5 179 16
0 6 5 7
6 6 7 11
62 6 67 7
68 6 71 8
87 6 87 17
89 6 100 6
102 6 103 11
104 6 109 7
121 6 121 17
122 6 122 17
123 6 125 9
133 6 136 8
141 6 141 17
142 6 142 17
143 6 154 6
168 6 179 6
182 6 182 17
183 6 183 17
193 6 193 17
194 6 194 17
195 6 195 17
196 6 196 17
197 6 197 17
44 7 55 7
56 7 56 18
58 7 69 7
90 7 95 8
126 7 126 18
127 7 127 18
128 7 128 18
129 7 130 12
143 7 146 9
154 7 159 8
168 7 168 18
170 7 170 18
171 7 171 18
172 7 174 10
18 8 18 19
20 8 20 19
44 8 47 10
51 8 54 10
55 8 55 19
58 8 58 19
59 8 61 11
62 8 65 10
66 8 66 19
67 8 68 13
76 8 76 19
77 8 77 19
78 8 83 9
104 8 104 19
118 8 118 19
119 8 119 19
165 8 165 19
166 8 171 9
175 8 175 19
8 9 8 20
11 9 11 20
12 9 17 10
23 9 34 9
69 9 72 11
90 9 90 20
91 9 102 9
110 9 110 20
111 9 116 10
131 9 132 14
133 9 133 20
134 9 135 14
152 9 152 20
153 9 154 14
155 9 156 14
158 9 158 20
159 9 164 10
176 9 176 20
177 9 177 20
184 9 184 20
186 9 187 14
198 9 199 14
0 10 5 11
9 10 12 12
25 10 28 12
41 10 41 21
78 10 78 21
98 10 98 21
100 10 105 11
123 10 123 21
124 10 124 21
143 10 145 13
146 10 147 15
166 10 167 15
190 10 190 21
13 11 13 22
15 11 15 22
29 11 29 22
30 11 31 16
44 11 44 22
45 11 56 11
62 11 63 16
64 11 64 22
65 11 67 14
108 11 111 13
148 11 148 22
159 11 159 22
163 11 168 12
172 11 174 14
0 12 5 13
6 12 6 23
7 12 12 13
45 12 46 17
47 12 58 12
59 12 59 23
60 12 62 15
69 12 69 23
100 12 100 23
102 12 102 23
103 12 103 23
105 12 107 15
25 13 25 24
26 13 27 18
47 13 47 24
51 13 56 14
114 13 114 24
115 13 120 14
163 13 164 18
7 14 7 25
9 14 9 25
10 14 10 25
12 14 12 25
16 14 16 25
21 14 24 16
34 14 35 19
36 14 36 25
37 14 37 25
38 14 39 19
49 14 49 25
50 14 50 25
68 14 68 25
79 14 79 25
80 14 80 25
81 14 81 25
85 14 85 25
86 14 88 17
101 14 103 17
108 14 108 25
109 14 112 16
113 14 114 19
140 14 140 25
143 14 145 17
151 14 162 14
180 14 180 25
181 14 181 25
51 15 51 26
52 15 52 26
57 15 58 20
65 15 76 15
120 15 122 18
134 15 139 16
151 15 151 26
153 15 164 15
172 15 173 20
174 15 174 26
186 15 186 26
187 15 189 18
199 15 199 26
0 16 5 17
40 16 40 27
43 16 43 27
60 16 60 27
61 16 62 21
67 16 68 21
70 16 70 27
71 16 76 17
91 16 102 16
105 16 105 27
146 16 146 27
153 16 156 18
166 16 166 27
167 16 167 27
192 16 192 27
14 17 14 28
30 17 41 17
63 17 63 28
82 17 82 28
84 17 84 28
91 17 91 28
92 17 97 18
111 17 111 28
112 17 112 28
125 17 128 19
129 17 129 28
131 17 131 28
137 17 142 18
150 17 150 28
157 17 157 28
161 17 163 20
179 17 181 20
0 18 5 19
17 18 18 23
21 18 26 19
28 18 28 29
32 18 37 19
45 18 45 29
46 18 46 29
48 18 53 19
54 18 59 19
71 18 74 20
75 18 76 23
86 18 86 29
87 18 89 21
101 18 101 29
143 18 145 21
182 18 182 29
183 18 183 29
193 18 193 29
194 18 197 20
27 19 27 30
92 19 95 21
96 19 97 24
115 19 118 21
120 19 125 20
137 19 137 30
138 19 141 21
142 19 142 30
153 19 153 30
155 19 155 30
156 19 156 30
164 19 165 24
169 19 169 30
170 19 171 24
187 19 190 21
0 20 5 21
19 20 22 22
23 20 24 25
32 20 32 31
33 20 44 20
48 20 48 31
53 20 53 31
54 20 54 31
55 20 55 31
66 20 66 31
77 20 79 23
104 20 104 31
107 20 110 22
113 20 124 20
127 20 127 31
175 20 175 31
8 21 8 32
11 21 11 32
33 21 34 26
35 21 35 32
38 21 41 23
57 21 57 32
58 21 58 32
72 21 72 32
73 21 75 24
113 21 118 22
119 21 121 24
122 21 122 32
125 21 136 21
152 21 152 32
158 21 163 22
172 21 172 32
173 21 173 32
176 21 179 23
184 21 184 32
194 21 194 32
195 21 195 32
196 21 197 26
0 22 5 23
42 22 42 33
61 22 61 33
62 22 62 33
67 22 67 33
87 22 87 33
89 22 89 33
90 22 90 33
92 22 92 33
93 22 94 27
95 22 96 27
123 22 123 33
125 22 126 27
133 22 133 33
134 22 145 22
187 22 188 27
189 22 189 33
191 22 191 33
13 23 24 23
29 23 40 23
44 23 44 34
106 23 107 28
109 23 109 34
110 23 110 34
113 23 113 34
115 23 115 34
135 23 135 34
136 23 136 34
138 23 139 28
141 23 141 34
143 23 143 34
144 23 147 25
149 23 149 34
158 23 158 34
159 23 159 34
160 23 163 25
0 24 5 25
6 24 6 35
13 24 13 35
15 24 15 35
17 24 20 26
21 24 21 35
22 24 22 35
29 24 29 35
30 24 32 27
38 24 49 24
59 24 62 26
69 24 69 35
76 24 77 29
78 24 78 35
116 24 119 26
176 24 176 35
177 24 179 27
25 25 25 36
38 25 38 36
39 25 50 25
73 25 73 36
74 25 74 36
75 25 76 30
97 25 97 36
114 25 114 36
164 25 164 36
165 25 165 36
170 25 170 36
171 25 171 36
0 26 5 27
7 26 7 37
9 26 9 37
10 26 11 31
12 26 12 37
16 26 16 37
23 26 23 37
24 26 29 27
36 26 39 28
41 26 42 31
47 26 47 37
68 26 68 37
79 26 79 37
80 26 80 37
81 26 82 31
85 26 85 37
98 26 98 37
99 26 101 29
108 26 113 27
128 26 131 28
140 26 140 37
144 26 144 37
145 26 150 27
160 26 160 37
161 26 161 37
162 26 162 37
163 26 163 37
180 26 182 29
17 27 17 38
18 27 18 38
19 27 19 38
20 27 21 32
34 27 34 38
59 27 59 38
102 27 102 38
103 27 114 27
116 27 117 32
118 27 119 32
132 27 143 27
151 27 153 30
174 27 175 32
185 27 185 38
0 28 5 29
30 28 33 30
40 28 40 39
43 28 45 31
60 28 60 39
65 28 65 39
70 28 70 39
93 28 93 39
94 28 94 39
95 28 95 39
96 28 96 39
103 28 108 29
125 28 125 39
132 28 135 30
145 28 146 33
166 28 166 39
167 28 167 39
177 28 177 39
178 28 181 30
186 28 197 28
36 29 36 40
37 29 37 40
49 29 49 40
50 29 61 29
63 29 66 31
83 29 88 30
91 29 92 34
111 29 116 30
128 29 128 40
129 29 129 40
130 29 135 30
150 29 150 40
157 29 162 30
186 29 191 30
192 29 192 40
196 29 196 40
197 29 198 34
0 30 5 31
14 30 14 41
24 30 26 33
46 30 46 41
50 30 61 30
77 30 77 41
99 30 99 41
100 30 100 41
101 30 101 41
103 30 103 41
182 30 182 41
183 30 183 41
193 30 195 33
27 31 29 34
50 31 52 34
75 31 75 42
76 31 79 33
83 31 83 42
86 31 86 42
111 31 116 32
130 31 130 42
131 31 131 42
132 31 132 42
137 31 137 42
142 31 142 42
151 31 151 42
153 31 154 36
155 31 166 31
168 31 179 31
180 31 185 32
186 31 188 34
199 31 199 42
0 32 5 33
10 32 21 32
32 32 37 33
41 32 41 43
45 32 45 43
48 32 50 35
53 32 54 37
55 32 55 43
56 32 56 43
63 32 74 32
81 32 82 37
104 32 107 34
126 32 126 43
127 32 127 43
155 32 155 43
156 32 159 34
178 32 178 43
179 32 179 43
8 33 10 36
11 33 14 35
20 33 31 33
57 33 57 44
58 33 58 44
63 33 63 44
66 33 67 38
71 33 73 36
108 33 119 33
147 33 147 44
152 33 153 38
174 33 174 44
175 33 176 38
180 33 180 44
181 33 181 44
184 33 189 34
0 34 5 35
20 34 20 45
24 34 24 45
26 34 27 39
30 34 30 45
31 34 31 45
32 34 32 45
35 34 35 45
61 34 61 45
62 34 67 35
76 34 76 45
87 34 87 45
88 34 91 36
116 34 116 45
117 34 119 37
124 34 125 39
133 34 133 45
145 34 145 45
146 34 151 35
168 34 173 35
191 34 191 45
193 34 193 45
194 34 195 39
28 35 28 46
44 35 46 38
51 35 51 46
92 35 94 38
104 35 104 46
105 35 105 46
106 35 107 40
109 35 110 40
113 35 124 35
134 35 145 35
156 35 156 46
157 35 159 38
184 35 195 35
197 35 197 46
0 36 5 37
6 36 9 38
11 36 22 36
29 36 29 47
48 36 48 47
50 36 52 39
62 36 73 36
78 36 83 37
113 36 116 38
138 36 138 47
139 36 139 47
141 36 141 47
143 36 143 47
146 36 146 47
148 36 148 47
149 36 150 41
168 36 169 41
172 36 174 39
184 36 184 47
187 36 187 47
22 37 24 40
38 37 41 39
62 37 62 48
64 37 64 48
69 37 69 48
71 37 71 48
73 37 74 42
88 37 93 38
120 37 131 37
154 37 154 48
164 37 175 37
0 38 5 39
10 38 13 40
16 38 16 49
21 38 24 40
47 38 49 41
53 38 53 49
54 38 55 43
68 38 68 49
78 38 78 49
79 38 90 38
117 38 118 43
119 38 119 49
140 38 140 49
144 38 146 41
160 38 162 41
163 38 164 43
165 38 165 49
170 38 170 49
171 38 176 39
7 39 7 50
8 39 8 50
9 39 14 40
17 39 22 40
33 39 34 44
44 39 44 50
59 39 64 40
66 39 68 42
79 39 79 50
80 39 81 44
82 39 82 50
85 39 85 50
88 39 88 50
89 39 91 42
92 39 92 50
102 39 104 42
114 39 115 44
123 39 123 50
152 39 153 44
157 39 157 50
158 39 159 44
185 39 187 42
0 40 5 41
27 40 27 51
38 40 49 40
50 40 50 51
65 40 65 51
70 40 73 42
93 40 93 51
94 40 94 51
95 40 95 51
111 40 122 40
124 40 124 51
125 40 136 40
166 40 166 51
167 40 168 45
171 40 173 43
175 40 178 42
188 40 188 51
189 40 191 43
9 41 12 43
13 41 14 46
17 41 17 52
18 41 20 44
21 41 21 52
22 41 22 52
23 41 26 43
37 41 39 44
40 41 41 46
106 41 106 52
107 41 107 52
109 41 109 52
110 41 110 52
111 41 111 52
112 41 115 43
128 41 128 52
129 41 129 52
134 41 136 44
192 41 192 52
194 41 199 42
0 42 5 43
46 42 46 53
47 42 47 53
49 42 49 53
77 42 77 53
120 42 121 47
122 42 125 44
144 42 145 47
149 42 149 53
161 42 162 47
169 42 172 44
182 42 187 43
66 43 67 48
70 43 70 54
73 43 74 48
75 43 77 46
83 43 83 54
84 43 84 54
86 43 86 54
98 43 109 43
130 43 131 48
132 43 132 54
137 43 137 54
142 43 147 44
175 43 175 54
176 43 181 44
194 43 199 44
0 44 5 45
9 44 20 44
25 44 25 55
26 44 28 47
43 44 45 47
54 44 59 45
98 44 98 55
99 44 99 55
100 44 100 55
101 44 103 47
112 44 112 55
118 44 123 45
150 44 150 55
151 44 162 44
164 44 164 55
173 44 173 55
185 44 185 55
9 45 10 50
11 45 22 45
33 45 33 56
34 45 34 56
37 45 37 56
38 45 39 50
60 45 62 48
63 45 63 56
80 45 80 56
114 45 114 56
115 45 115 56
135 45 135 56
136 45 141 46
147 45 147 56
151 45 156 46
158 45 158 56
159 45 159 56
171 45 171 56
172 45 172 56
174 45 176 48
177 45 179 48
180 45 191 45
194 45 194 56
195 45 195 56
196 45 196 56
198 45 198 56
199 45 199 56
0 46 5 47
11 46 12 51
18 46 18 57
19 46 20 51
24 46 27 48
30 46 30 57
31 46 36 47
42 46 42 57
54 46 54 57
55 46 55 57
56 46 56 57
57 46 60 48
87 46 88 51
97 46 98 51
108 46 108 57
122 46 122 57
126 46 126 57
127 46 127 57
133 46 135 49
167 46 168 51
180 46 185 47
193 46 198 47
13 47 13 58
14 47 19 48
40 47 40 58
41 47 42 52
51 47 62 47
75 47 75 58
81 47 82 52
89 47 89 58
104 47 104 58
105 47 105 58
151 47 151 58
152 47 152 58
153 47 153 58
155 47 156 52
189 47 190 52
191 47 192 52
0 48 5 49
28 48 39 48
43 48 54 48
101 48 101 59
102 48 113 48
138 48 138 59
139 48 139 59
141 48 143 51
144 48 146 51
148 48 148 59
161 48 161 59
162 48 162 59
180 48 180 59
181 48 181 59
186 48 189 50
193 48 198 49
14 49 14 60
24 49 24 60
31 49 31 60
32 49 33 54
35 49 35 60
43 49 43 60
45 49 45 60
48 49 50 52
57 49 59 52
60 49 71 49
72 49 72 60
73 49 73 60
74 49 75 54
102 49 102 60
103 49 104 54
130 49 130 60
131 49 131 60
174 49 174 60
176 49 178 52
179 49 180 54
0 50 5 51
15 50 15 61
16 50 16 61
60 50 60 61
61 50 72 50
78 50 80 53
116 50 116 61
118 50 118 61
133 50 136 52
165 50 166 55
170 50 170 61
193 50 194 55
197 50 199 52
6 51 7 56
8 51 11 53
38 51 38 62
39 51 42 53
44 51 55 51
61 51 61 62
62 51 63 56
64 51 67 53
68 51 70 54
71 51 71 62
85 51 85 62
92 51 92 62
113 51 114 56
123 51 128 52
157 51 157 62
182 51 193 51
12 52 17 53
19 52 19 63
20 52 20 63
26 52 37 52
44 52 45 57
93 52 93 63
94 52 94 63
95 52 95 63
97 52 100 54
144 52 149 53
167 52 167 63
168 52 171 54
184 52 186 55
187 52 187 63
188 52 191 54
21 53 32 53
36 53 36 64
50 53 51 58
52 53 52 64
53 53 53 64
57 53 68 53
81 53 81 64
82 53 82 64
106 53 106 64
107 53 109 56
110 53 115 54
123 53 123 64
124 53 124 64
125 53 126 58
128 53 128 64
129 53 132 55
133 53 133 64
136 53 141 54
155 53 155 64
156 53 156 64
176 53 179 55
192 53 192 64
197 53 197 64
0 54 5 55
8 54 8 65
9 54 9 65
10 54 11 59
21 54 21 65
22 54 25 56
26 54 37 54
41 54 41 65
46 54 46 65
47 54 48 59
57 54 58 59
64 54 64 65
65 54 65 65
66 54 77 54
78 54 78 65
79 54 90 54
91 54 96 55
120 54 120 65
160 54 160 65
26 55 28 58
29 55 29 66
32 55 32 66
66 55 69 57
70 55 75 56
77 55 79 58
83 55 86 57
87 55 87 66
88 55 93 56
110 55 110 66
111 55 112 60
121 55 121 66
136 55 147 55
175 55 177 58
188 55 199 55
0 56 5 57
97 56 97 67
98 56 98 67
99 56 104 57
117 56 117 67
129 56 129 67
132 56 132 67
136 56 136 67
137 56 137 67
140 56 143 58
150 56 151 61
165 56 165 67
166 56 166 67
173 56 175 59
179 56 190 56
191 56 191 67
193 56 195 59
6 57 9 59
22 57 27 58
34 57 34 68
37 57 38 62
62 57 62 68
63 57 63 68
70 57 75 58
80 57 82 60
88 57 89 62
90 57 90 68
91 57 92 62
107 57 109 60
113 57 114 62
115 57 115 68
134 57 136 60
158 57 163 58
169 57 169 68
171 57 174 59
179 57 184 58
185 57 185 68
186 57 189 59
190 57 190 68
198 57 198 68
0 58 5 59
18 58 18 69
30 58 30 69
42 58 47 59
56 58 56 69
66 58 66 69
67 58 69 61
83 58 83 69
86 58 89 60
99 58 99 69
100 58 100 69
103 58 108 59
122 58 124 61
127 58 129 61
145 58 150 59
13 59 16 61
22 59 22 70
23 59 23 70
25 59 26 64
27 59 27 70
28 59 30 62
50 59 53 61
70 59 70 70
74 59 85 59
140 59 140 70
141 59 141 70
142 59 142 70
144 59 144 70
152 59 152 70
153 59 154 64
158 59 161 61
177 59 177 70
179 59 180 64
184 59 195 59
0 60 5 61
7 60 7 71
10 60 10 71
11 60 22 60
39 60 42 62
44 60 44 71
47 60 47 71
57 60 60 62
101 60 101 71
103 60 105 63
138 60 143 61
145 60 145 71
146 60 146 71
147 60 147 71
148 60 148 71
162 60 173 60
175 60 176 65
181 60 181 71
184 60 184 71
186 60 186 71
188 60 188 71
189 60 190 65
11 61 14 63
24 61 35 61
43 61 54 61
72 61 72 72
73 61 73 72
74 61 74 72
76 61 81 62
86 61 97 61
102 61 105 63
107 61 107 72
108 61 108 72
109 61 111 64
112 61 114 64
130 61 130 72
131 61 134 63
135 61 135 72
162 61 162 72
171 61 171 72
172 61 177 62
193 61 194 66
195 61 197 64
0 62 5 63
15 62 15 73
16 62 21 63
24 62 24 73
31 62 31 73
35 62 35 73
45 62 45 73
51 62 52 67
67 62 67 73
68 62 69 67
86 62 87 67
116 62 116 73
118 62 118 73
119 62 119 73
122 62 133 62
138 62 149 62
151 62 151 73
158 62 163 63
170 62 170 73
28 63 28 74
38 63 38 74
39 63 39 74
40 63 40 74
42 63 42 74
57 63 57 74
58 63 61 65
71 63 71 74
76 63 76 74
77 63 77 74
79 63 79 74
80 63 81 68
85 63 85 74
88 63 93 64
122 63 122 74
127 63 127 74
138 63 143 64
157 63 157 74
172 63 177 64
199 63 199 74
0 64 5 65
11 64 11 75
13 64 13 75
14 64 14 75
48 64 48 75
50 64 51 69
54 64 54 75
55 64 55 75
94 64 105 64
131 64 133 67
158 64 169 64
182 64 182 75
183 64 183 75
187 64 198 64
25 65 25 76
26 65 28 68
36 65 39 67
53 65 56 67
82 65 82 76
88 65 88 76
89 65 89 76
91 65 91 76
92 65 93 70
94 65 94 76
95 65 100 66
111 65 113 68
114 65 115 70
123 65 128 66
153 65 153 76
154 65 156 68
158 65 159 70
161 65 166 66
167 65 167 76
173 65 184 65
0 66 5 67
8 66 8 77
9 66 12 68
16 66 17 71
19 66 24 67
41 66 41 77
46 66 46 77
58 66 58 77
59 66 60 71
61 66 62 71
64 66 64 77
65 66 65 77
78 66 78 77
120 66 120 77
149 66 149 77
160 66 161 71
173 66 176 68
179 66 179 77
180 66 180 77
187 66 188 71
189 66 199 66
29 67 31 70
32 67 32 78
95 67 97 70
104 67 106 70
121 67 121 78
134 67 145 67
189 67 189 78
192 67 192 78
193 67 193 78
194 67 195 72
197 67 198 72
0 68 5 69
19 68 19 79
20 68 22 71
36 68 39 70
53 68 53 79
68 68 71 70
87 68 88 73
98 68 98 79
117 68 128 68
132 68 132 79
133 68 133 79
134 68 145 68
163 68 165 71
166 68 166 79
168 68 179 68
191 68 193 71
26 69 29 71
33 69 34 74
80 69 85 70
90 69 90 80
109 69 109 80
110 69 111 74
112 69 112 80
113 69 114 74
117 69 119 72
134 69 134 80
136 69 137 74
154 69 155 74
168 69 168 80
169 69 180 69
185 69 186 74
190 69 190 80
196 69 197 74
0 70 5 71
50 70 50 81
56 70 59 72
66 70 66 81
128 70 128 81
131 70 133 73
169 70 170 75
173 70 184 70
23 71 23 82
30 71 30 82
36 71 38 74
49 71 60 71
70 71 70 82
80 71 80 82
81 71 86 72
92 71 93 76
95 71 95 82
103 71 103 82
104 71 109 72
115 71 116 76
123 71 123 82
124 71 126 74
152 71 152 82
173 71 178 72
0 72 5 73
6 72 6 83
7 72 7 83
9 72 9 83
10 72 12 75
16 72 16 83
17 72 17 83
21 72 21 83
22 72 22 83
26 72 26 83
27 72 38 72
44 72 49 73
60 72 60 83
61 72 61 83
62 72 64 75
138 72 149 72
164 72 165 77
181 72 181 83
188 72 188 83
29 73 29 84
56 73 56 84
59 73 59 84
72 73 72 84
73 73 75 76
83 73 83 84
84 73 85 78
99 73 100 78
104 73 104 84
117 73 122 74
135 73 135 84
138 73 143 74
144 73 144 84
145 73 148 75
162 73 165 75
171 73 171 84
173 73 184 73
194 73 195 78
198 73 199 76
0 74 5 75
15 74 15 85
18 74 18 85
24 74 25 79
31 74 31 85
35 74 46 74
47 74 48 79
49 74 50 79
131 74 136 75
150 74 153 76
173 74 174 79
175 74 175 85
176 74 176 85
177 74 177 85
178 74 180 77
28 75 30 78
33 75 44 75
45 75 45 86
57 75 57 86
71 75 74 77
76 75 77 80
110 75 111 80
113 75 118 76
119 75 119 86
122 75 122 86
125 75 125 86
126 75 127 80
137 75 137 86
138 75 138 86
139 75 150 75
154 75 157 77
158 75 158 86
159 75 160 80
184 75 187 77
196 75 196 86
0 76 5 77
10 76 11 81
12 76 23 76
33 76 36 78
37 76 48 76
54 76 54 87
130 76 131 81
136 76 136 87
139 76 139 87
162 76 162 87
169 76 180 76
182 76 187 77
37 77 38 82
39 77 41 80
42 77 42 88
43 77 43 88
44 77 44 88
75 77 76 82
88 77 88 88
89 77 89 88
91 77 92 82
93 77 93 88
94 77 94 88
96 77 96 88
97 77 97 88
105 77 105 88
106 77 106 88
107 77 107 88
113 77 114 82
117 77 117 88
118 77 119 82
142 77 147 78
148 77 148 88
167 77 178 77
0 78 5 79
8 78 13 79
58 78 63 79
71 78 71 89
73 78 74 83
78 78 89 78
120 78 123 80
154 78 154 89
155 78 155 89
157 78 157 89
164 78 164 89
167 78 167 89
169 78 171 81
178 78 178 89
179 78 179 89
180 78 181 83
182 78 184 81
185 78 188 80
191 78 191 89
32 79 33 84
34 79 45 79
78 79 79 84
81 79 84 81
85 79 96 79
99 79 104 80
142 79 144 82
145 79 146 84
189 79 190 84
195 79 197 82
0 80 5 81
8 80 8 91
13 80 13 91
14 80 14 91
34 80 39 81
47 80 47 91
48 80 49 85
52 80 52 91
53 80 53 91
85 80 86 85
98 80 101 82
132 80 133 85
166 80 169 82
173 80 173 91
174 80 177 82
19 81 20 86
40 81 40 92
77 81 88 81
102 81 107 82
109 81 109 92
110 81 110 92
111 81 114 83
120 81 131 81
134 81 134 92
147 81 149 84
150 81 161 81
185 81 185 92
186 81 186 92
187 81 189 84
0 82 5 83
24 82 25 87
34 82 36 85
39 82 39 93
50 82 50 93
62 82 62 93
63 82 74 82
77 82 80 84
81 82 81 93
82 82 82 93
84 82 85 87
90 82 90 93
120 82 120 93
121 82 122 87
130 82 130 93
131 82 131 93
150 82 150 93
156 82 156 93
159 82 161 85
170 82 175 83
182 82 193 82
23 83 23 94
30 83 41 83
66 83 66 94
68 83 79 83
91 83 91 94
92 83 92 94
95 83 96 88
98 83 99 88
100 83 101 88
102 83 102 94
103 83 103 94
115 83 115 94
116 83 116 94
118 83 119 88
142 83 142 94
143 83 144 88
166 83 166 94
182 83 182 94
183 83 194 83
0 84 5 85
6 84 6 95
7 84 7 95
9 84 9 95
16 84 27 84
30 84 30 95
37 84 37 95
38 84 38 95
60 84 61 89
68 84 73 85
74 84 85 84
111 84 113 87
114 84 115 89
163 84 163 95
170 84 181 84
183 84 183 95
184 84 189 85
192 84 194 87
21 85 21 96
22 85 27 86
28 85 33 86
56 85 57 90
74 85 74 96
77 85 77 96
80 85 81 90
83 85 83 96
104 85 104 96
108 85 109 90
128 85 128 96
135 85 146 85
147 85 158 85
170 85 172 88
174 85 175 90
180 85 180 96
181 85 184 87
190 85 190 96
0 86 5 87
10 86 10 97
11 86 13 89
34 86 36 89
48 86 49 91
58 86 61 88
67 86 67 97
68 86 68 97
69 86 70 91
86 86 89 88
132 86 132 97
133 86 133 97
135 86 138 88
145 86 145 97
159 86 160 91
161 86 162 91
188 86 188 97
189 86 189 97
19 87 22 89
26 87 26 98
27 87 28 92
29 87 29 98
31 87 31 98
32 87 35 89
41 87 41 98
45 87 45 98
64 87 64 98
65 87 65 98
152 87 154 90
158 87 158 98
195 87 195 98
24 88 25 93
51 88 52 93
54 88 55 93
84 88 84 99
85 88 96 88
111 88 116 89
121 88 123 91
124 88 135 88
176 88 177 93
181 88 182 93
184 88 185 93
193 88 193 99
18 89 18 100
42 89 42 100
43 89 45 92
58 89 58 100
59 89 59 100
85 89 88 91
89 89 92 91
93 89 104 89
105 89 106 94
107 89 110 91
117 89 117 100
119 89 124 90
125 89 128 91
129 89 129 100
135 89 135 100
136 89 139 91
140 89 140 100
141 89 142 94
143 89 143 100
144 89 144 100
168 89 171 91
0 90 5 91
11 90 11 101
12 90 12 101
15 90 16 95
17 90 17 101
22 90 22 101
32 90 34 93
35 90 38 92
46 90 46 101
61 90 61 101
71 90 71 101
72 90 72 101
93 90 93 101
94 90 105 90
111 90 114 92
164 90 169 91
172 90 173 95
178 90 179 95
191 90 194 92
56 91 61 92
78 91 81 93
95 91 95 102
96 91 99 93
100 91 101 96
119 91 124 92
146 91 146 102
147 91 148 96
149 91 149 102
152 91 157 92
174 91 174 102
175 91 176 96
0 92 5 93
8 92 13 93
14 92 14 103
47 92 47 103
48 92 48 103
49 92 50 97
53 92 53 103
70 92 81 92
85 92 88 94
89 92 90 97
107 92 108 97
125 92 136 92
137 92 140 94
159 92 159 103
160 92 160 103
161 92 164 94
167 92 167 103
168 92 173 93
28 93 28 104
35 93 36 98
40 93 40 104
43 93 43 104
44 93 44 104
56 93 67 93
70 93 70 104
109 93 109 104
110 93 110 104
111 93 112 98
113 93 118 94
119 93 119 104
121 93 121 104
122 93 122 104
123 93 123 104
124 93 126 96
134 93 134 104
136 93 136 104
153 93 153 104
154 93 156 96
157 93 157 104
186 93 187 98
191 93 194 95
196 93 199 95
0 94 5 95
8 94 8 105
13 94 13 105
32 94 33 99
34 94 37 96
39 94 41 97
51 94 62 94
78 94 78 105
79 94 79 105
80 94 80 105
81 94 81 105
82 94 82 105
96 94 96 105
97 94 98 99
99 94 99 105
120 94 120 105
130 94 130 105
131 94 142 94
150 94 150 105
151 94 154 96
168 94 168 105
169 94 169 105
170 94 170 105
171 94 172 99
177 94 177 105
181 94 181 105
184 94 184 105
185 94 186 99
51 95 52 100
55 95 60 96
62 95 67 96
85 95 87 98
88 95 88 106
91 95 91 106
92 95 93 100
103 95 106 97
113 95 124 95
131 95 133 98
137 95 137 106
141 95 141 106
142 95 142 106
161 95 161 106
162 95 163 100
164 95 175 95
182 95 182 106
0 96 5 97
6 96 11 97
15 96 15 107
19 96 20 101
30 96 32 99
38 96 40 99
113 96 113 107
114 96 114 107
115 96 115 107
116 96 116 107
164 96 164 107
166 96 166 107
173 96 178 97
179 96 179 107
183 96 183 107
191 96 191 107
21 97 21 108
37 97 40 99
75 97 75 108
76 97 81 98
83 97 88 98
100 97 103 99
124 97 135 97
147 97 152 98
154 97 157 99
180 97 181 102
190 97 193 99
194 97 194 108
198 97 198 108
0 98 5 99
6 98 6 109
7 98 7 109
10 98 10 109
23 98 24 103
25 98 28 100
49 98 49 109
50 98 50 109
55 98 55 109
56 98 56 109
57 98 68 98
89 98 89 109
90 98 90 109
104 98 105 103
124 98 124 109
125 98 128 100
173 98 173 109
175 98 175 109
176 98 177 103
178 98 178 109
188 98 193 99
29 99 29 110
35 99 38 101
41 99 42 104
45 99 56 99
62 99 65 101
66 99 77 99
83 99 83 110
86 99 88 102
112 99 112 110
131 99 131 110
132 99 132 110
133 99 136 101
147 99 147 110
148 99 159 99
187 99 198 99
0 100 5 101
16 100 16 111
30 100 30 111
31 100 31 111
32 100 33 105
39 100 41 103
45 100 48 102
66 100 66 111
67 100 72 101
76 100 76 111
77 100 77 111
84 100 85 105
97 100 100 102
101 100 112 100
139 100 139 111
148 100 148 111
154 100 154 111
155 100 155 111
156 100 161 101
172 100 172 111
185 100 188 102
189 100 194 101
195 100 197 103
18 101 18 112
25 101 25 112
26 101 26 112
58 101 59 106
92 101 92 112
101 101 101 112
103 101 104 106
106 101 106 112
107 101 107 112
108 101 108 112
111 101 114 103
117 101 120 103
126 101 126 112
127 101 130 103
140 101 140 112
143 101 143 112
162 101 162 112
199 101 199 112
0 102 5 103
17 102 19 105
20 102 20 113
22 102 33 102
37 102 38 107
67 102 69 105
71 102 82 102
93 102 94 107
133 102 134 107
135 102 146 102
156 102 157 107
158 102 158 113
189 102 189 113
192 102 195 104
22 103 25 105
45 103 45 114
71 103 71 114
72 103 72 114
73 103 75 106
86 103 87 108
95 103 98 105
100 103 102 106
135 103 136 108
149 103 150 108
174 103 176 106
180 103 180 114
185 103 187 106
188 103 189 108
14 104 25 104
39 104 39 115
47 104 47 115
48 104 51 106
60 104 61 109
62 104 62 115
63 104 63 115
105 104 106 109
111 104 111 115
117 104 117 115
118 104 118 115
145 104 146 109
151 104 152 109
163 104 163 115
165 104 165 115
167 104 168 109
196 104 198 107
14 105 14 116
27 105 27 116
41 105 46 106
53 105 53 116
64 105 64 116
65 105 65 116
70 105 81 105
109 105 109 116
153 105 156 107
0 106 5 107
8 106 9 111
13 106 13 117
17 106 18 111
22 106 25 108
28 106 29 111
32 106 35 108
67 106 67 117
68 106 73 107
84 106 84 117
95 106 95 117
96 106 96 117
98 106 103 107
119 106 130 106
170 106 181 106
184 106 184 117
192 106 194 109
195 106 198 108
41 107 41 118
42 107 42 118
43 107 45 110
51 107 51 118
54 107 54 118
59 107 59 118
88 107 88 118
91 107 91 118
121 107 122 112
123 107 123 118
127 107 132 108
138 107 140 110
141 107 142 112
159 107 160 112
161 107 164 109
170 107 170 118
174 107 175 112
176 107 178 110
181 107 186 108
187 107 190 109
0 108 5 109
11 108 14 110
15 108 26 108
36 108 36 119
37 108 37 119
68 108 68 119
70 108 72 111
73 108 73 119
93 108 94 113
98 108 99 113
102 108 104 111
110 108 110 119
116 108 117 113
133 108 136 110
153 108 154 113
156 108 156 119
157 108 157 119
166 108 166 119
179 108 180 113
191 108 194 110
15 109 15 120
32 109 37 110
81 109 81 120
82 109 82 120
86 109 86 120
87 109 98 109
127 109 127 120
128 109 129 114
130 109 130 120
149 109 149 120
183 109 183 120
185 109 190 110
195 109 196 114
197 109 197 120
198 109 198 120
0 110 5 111
6 110 17 110
49 110 49 121
50 110 50 121
55 110 55 121
56 110 56 121
87 110 92 111
105 110 108 112
124 110 129 111
161 110 161 121
164 110 165 115
6 111 7 116
10 111 10 122
11 111 11 122
12 111 12 122
33 111 36 113
44 111 44 122
57 111 58 116
83 111 83 122
112 111 115 113
131 111 131 122
145 111 148 113
151 111 156 112
176 111 176 122
177 111 179 114
185 111 185 122
186 111 187 116
188 111 188 122
191 111 191 122
192 111 194 114
0 112 5 113
8 112 8 123
9 112 20 112
21 112 23 115
24 112 24 123
29 112 29 123
30 112 41 112
66 112 66 123
70 112 73 114
76 112 76 123
87 112 87 123
89 112 89 123
90 112 101 112
102 112 113 112
124 112 124 123
134 112 134 123
135 112 135 123
136 112 141 113
171 112 172 117
9 113 9 124
16 113 16 124
18 113 19 118
25 113 25 124
26 113 26 124
30 113 31 118
74 113 74 124
90 113 91 118
92 113 94 116
102 113 103 118
105 113 106 118
107 113 107 124
108 113 110 116
121 113 121 124
122 113 123 118
126 113 127 118
142 113 142 124
143 113 143 124
144 113 147 115
151 113 151 124
152 113 152 124
155 113 158 115
160 113 161 118
162 113 162 124
174 113 185 113
0 114 5 115
20 114 25 115
33 114 33 125
34 114 34 125
98 114 98 125
99 114 99 125
100 114 101 119
112 114 114 117
115 114 115 125
116 114 118 117
136 114 136 125
138 114 138 125
139 114 142 116
148 114 148 125
153 114 153 125
154 114 154 125
174 114 185 114
189 114 190 119
45 115 45 126
46 115 46 126
70 115 81 115
128 115 128 126
174 115 174 126
175 115 175 126
177 115 177 126
178 115 178 126
179 115 180 120
181 115 184 117
192 115 194 118
196 115 199 116
0 116 5 117
20 116 31 116
35 116 36 121
39 116 44 117
47 116 47 127
63 116 74 116
75 116 75 127
79 116 84 117
129 116 129 127
144 116 144 127
146 116 149 118
155 116 155 127
158 116 158 127
163 116 163 127
164 116 164 127
165 116 166 121
167 116 178 116
6 117 7 122
14 117 14 128
27 117 27 128
52 117 63 117
64 117 69 118
70 117 73 119
93 117 104 117
108 117 111 119
139 117 139 128
140 117 140 128
141 117 142 122
186 117 189 119
196 117 197 122
199 117 199 128
0 118 5 119
13 118 13 129
39 118 39 129
52 118 52 129
53 118 53 129
57 118 57 129
63 118 63 129
79 118 82 120
84 118 84 129
93 118 93 129
94 118 94 129
95 118 96 123
97 118 97 129
116 118 118 121
132 118 137 119
167 118 167 129
168 118 173 119
181 118 181 129
184 118 184 129
19 119 30 119
31 119 33 122
48 119 53 120
54 119 54 130
58 119 58 130
59 119 70 119
88 119 88 130
90 119 93 121
102 119 103 124
104 119 109 120
112 119 112 130
113 119 116 121
119 119 124 120
146 119 147 124
160 119 160 130
192 119 192 130
193 119 194 124
0 120 5 121
19 120 24 121
30 120 30 131
37 120 48 120
64 120 65 125
67 120 72 121
73 120 73 131
100 120 100 131
101 120 106 121
110 120 111 125
132 120 133 125
137 120 138 125
156 120 167 120
168 120 179 120
186 120 188 123
189 120 189 131
190 120 199 120
15 121 26 121
37 121 37 132
38 121 39 126
40 121 45 122
48 121 48 132
51 121 52 126
79 121 81 124
86 121 86 132
109 121 109 132
119 121 120 126
122 121 123 126
127 121 127 132
130 121 130 132
149 121 149 132
150 121 151 126
156 121 156 132
168 121 173 122
180 121 191 121
0 122 5 123
15 122 26 122
35 122 35 133
36 122 36 133
49 122 54 123
55 122 55 133
56 122 58 125
60 122 60 133
61 122 61 133
67 122 67 133
68 122 79 122
90 122 101 122
104 122 105 127
106 122 106 133
113 122 114 127
116 122 119 124
161 122 161 133
165 122 170 123
180 122 180 133
183 122 186 124
6 123 8 126
11 123 11 134
12 123 12 134
15 123 15 134
19 123 20 128
21 123 32 123
40 123 45 124
68 123 68 134
69 123 71 126
72 123 73 128
77 123 77 134
78 123 78 134
90 123 93 125
101 123 102 128
171 123 171 134
172 123 175 125
176 123 181 124
191 123 191 134
196 123 196 134
197 123 199 126
0 124 5 125
21 124 21 135
22 124 22 135
24 124 24 135
28 124 39 124
49 124 52 126
66 124 66 135
89 124 89 135
95 124 95 135
96 124 96 135
135 124 140 125
165 124 165 135
187 124 188 129
9 125 10 130
17 125 20 127
25 125 25 136
26 125 26 136
29 125 32 127
40 125 51 125
74 125 85 125
103 125 114 125
116 125 117 130
118 125 118 136
143 125 144 130
146 125 146 136
147 125 147 136
152 125 152 136
159 125 164 126
176 125 176 136
183 125 194 125
0 126 5 127
33 126 33 137
34 126 35 131
40 126 41 131
42 126 44 129
56 126 56 137
64 126 64 137
65 126 68 128
74 126 76 129
79 126 84 127
85 126 88 128
90 126 91 131
98 126 98 137
99 126 110 126
111 126 112 131
115 126 115 137
132 126 132 137
133 126 133 137
138 126 139 131
148 126 148 137
153 126 153 137
154 126 154 137
169 126 169 137
170 126 173 128
183 126 183 137
193 126 193 137
194 126 194 137
6 127 6 138
7 127 7 138
8 127 8 138
38 127 38 138
45 127 45 138
46 127 46 138
49 127 49 138
50 127 52 130
69 127 70 132
71 127 72 132
99 127 99 138
103 127 108 128
110 127 110 138
119 127 119 138
123 127 123 138
150 127 150 138
151 127 151 138
159 127 160 132
162 127 163 132
177 127 180 129
195 127 196 132
197 127 197 138
0 128 5 129
17 128 17 139
29 128 29 139
31 128 42 128
47 128 58 128
79 128 90 128
113 128 118 129
128 128 129 133
158 128 169 128
185 128 185 139
186 128 186 139
14 129 14 140
19 129 20 134
31 129 31 140
32 129 33 134
79 129 90 129
92 129 103 129
104 129 104 140
105 129 106 134
140 129 145 130
155 129 166 129
170 129 170 140
172 129 172 140
173 129 184 129
0 130 5 131
13 130 15 133
39 130 39 141
42 130 42 141
43 130 44 135
53 130 54 135
63 130 66 132
74 130 75 135
76 130 77 135
79 130 80 135
81 130 81 141
82 130 82 141
83 130 86 132
87 130 87 141
92 130 94 133
97 130 99 133
101 130 101 141
102 130 102 141
103 130 103 141
113 130 118 131
124 130 129 131
135 130 138 132
155 130 155 141
158 130 169 130
173 130 178 131
181 130 181 141
182 130 182 141
184 130 184 141
187 130 187 141
198 130 199 135
9 131 10 136
18 131 19 136
50 131 50 142
51 131 51 142
52 131 57 132
88 131 88 142
144 131 149 132
158 131 161 133
164 131 169 132
192 131 192 142
0 132 5 133
30 132 35 133
40 132 40 143
41 132 41 143
59 132 60 137
73 132 78 133
90 132 90 143
91 132 91 143
100 132 101 137
111 132 122 132
124 132 124 143
139 132 139 143
173 132 178 133
37 133 37 144
52 133 52 144
63 133 63 144
65 133 65 144
69 133 69 144
70 133 70 144
71 133 74 135
83 133 83 144
84 133 84 144
85 133 87 136
109 133 109 144
111 133 111 144
112 133 112 144
113 133 116 135
117 133 117 144
120 133 120 144
135 133 135 144
136 133 136 144
137 133 139 136
144 133 145 138
149 133 150 138
156 133 156 144
157 133 157 144
162 133 163 138
164 133 166 136
167 133 167 144
168 133 179 133
195 133 196 138
0 134 5 135
13 134 13 145
30 134 35 135
36 134 38 137
55 134 57 137
61 134 61 145
92 134 95 136
97 134 98 139
140 134 141 139
142 134 142 145
143 134 144 139
158 134 158 145
159 134 159 145
160 134 163 136
168 134 168 145
173 134 173 145
174 134 176 137
177 134 180 136
190 134 190 145
11 135 11 146
12 135 23 135
27 135 32 136
47 135 58 135
67 135 67 146
68 135 69 140
78 135 78 146
105 135 105 146
106 135 111 136
125 135 128 137
131 135 142 135
171 135 171 146
191 135 191 146
12 136 12 147
15 136 15 147
20 136 25 137
34 136 37 138
43 136 43 147
47 136 48 141
53 136 58 137
66 136 66 147
71 136 72 141
73 136 73 147
74 136 79 137
80 136 80 147
89 136 92 138
96 136 101 137
114 136 114 147
116 136 127 136
131 136 132 141
9 137 11 140
16 137 16 148
18 137 18 148
19 137 19 148
26 137 27 142
28 137 33 138
85 137 88 139
93 137 93 148
94 137 94 148
106 137 106 148
108 137 113 138
116 137 116 148
118 137 118 148
121 137 126 138
137 137 138 142
146 137 146 148
147 137 149 140
152 137 153 142
160 137 161 142
164 137 164 148
165 137 166 142
177 137 177 148
179 137 179 148
180 137 180 148
0 138 5 139
20 138 22 141
23 138 24 143
25 138 25 149
53 138 54 143
59 138 61 141
64 138 64 149
74 138 75 143
76 138 76 149
77 138 78 143
79 138 79 149
96 138 99 140
100 138 103 140
115 138 120 139
127 138 127 149
133 138 134 143
154 138 159 139
174 138 179 139
183 138 184 143
193 138 193 149
28 139 28 150
30 139 32 142
33 139 33 150
34 139 35 144
36 139 36 150
38 139 38 150
45 139 45 150
46 139 57 139
89 139 100 139
108 139 108 150
110 139 113 141
121 139 122 144
123 139 128 140
145 139 145 150
151 139 151 150
162 139 163 144
195 139 195 150
0 140 5 141
17 140 22 141
29 140 30 145
46 140 57 140
85 140 86 145
89 140 89 151
92 140 92 151
115 140 117 143
119 140 119 151
143 140 143 151
144 140 155 140
174 140 175 145
185 140 186 145
197 140 197 151
6 141 6 152
7 141 7 152
8 141 8 152
49 141 49 152
68 141 68 152
96 141 96 152
97 141 97 152
104 141 105 146
123 141 124 146
126 141 126 152
144 141 146 144
147 141 152 142
154 141 154 152
172 141 172 152
0 142 5 143
39 142 39 153
42 142 42 153
48 142 49 147
59 142 59 153
60 142 63 144
71 142 71 153
82 142 82 153
102 142 104 145
110 142 121 142
155 142 166 142
181 142 181 153
182 142 183 147
187 142 187 153
199 142 199 153
17 143 28 143
31 143 31 154
32 143 33 148
50 143 50 154
51 143 53 146
88 143 91 145
131 143 131 154
132 143 132 154
137 143 137 154
147 143 147 154
148 143 148 154
149 143 149 154
152 143 152 154
153 143 153 154
155 143 156 148
160 143 160 154
161 143 161 154
176 143 178 146
192 143 192 154
0 144 5 145
17 144 20 146
21 144 23 147
24 144 24 155
26 144 26 155
27 144 27 155
40 144 41 149
54 144 54 155
55 144 55 155
56 144 56 155
98 144 100 147
115 144 115 155
128 144 128 155
139 144 139 155
169 144 180 144
184 144 186 147
34 145 34 156
35 145 38 147
60 145 60 156
62 145 62 156
63 145 74 145
77 145 88 145
109 145 109 156
111 145 114 147
117 145 117 156
120 145 131 145
135 145 136 150
140 145 141 150
144 145 144 156
157 145 157 156
162 145 162 156
163 145 163 156
167 145 168 150
169 145 169 156
170 145 170 156
13 146 16 148
29 146 29 157
30 146 30 157
61 146 66 147
69 146 74 147
83 146 83 157
84 146 84 157
85 146 85 157
86 146 88 149
102 146 102 157
103 146 103 157
121 146 126 147
130 146 130 157
158 146 158 157
173 146 176 148
9 147 12 149
17 147 19 150
20 147 31 147
46 147 47 152
51 147 51 158
52 147 57 148
67 147 67 158
90 147 90 158
91 147 92 152
104 147 106 150
171 147 171 158
23 148 23 159
35 148 35 159
37 148 37 159
43 148 44 153
48 148 48 159
61 148 61 159
63 148 65 151
66 148 71 149
80 148 80 159
111 148 113 151
114 148 114 159
121 148 121 159
122 148 122 159
123 148 123 159
124 148 126 151
142 148 142 159
182 148 184 151
185 148 185 159
186 148 186 159
188 148 188 159
189 148 189 159
13 149 15 152
16 149 18 152
32 149 32 160
52 149 52 160
53 149 58 150
93 149 93 160
94 149 95 154
98 149 98 160
99 149 99 160
100 149 111 149
116 149 117 154
146 149 146 160
155 149 166 149
174 149 174 160
175 149 175 160
176 149 176 160
177 149 179 152
0 150 5 151
9 150 10 155
12 150 14 153
40 150 40 161
41 150 43 153
66 150 71 151
73 150 76 152
88 150 89 155
100 150 100 161
107 150 107 161
127 150 127 161
155 150 155 161
156 150 156 161
164 150 165 155
166 150 167 155
193 150 196 152
28 151 39 151
45 151 50 152
53 151 54 156
57 151 60 153
104 151 105 156
108 151 108 162
118 151 123 152
135 151 135 162
136 151 136 162
140 151 140 162
141 151 142 156
145 151 146 156
150 151 150 162
151 151 162 151
168 151 169 156
0 152 5 153
21 152 21 163
22 152 23 157
28 152 28 163
33 152 34 157
36 152 38 155
63 152 64 157
65 152 66 157
69 152 69 163
70 152 81 152
112 152 112 163
124 152 124 163
143 152 143 163
151 152 151 163
159 152 159 163
182 152 183 157
184 152 184 163
197 152 197 163
6 153 6 164
7 153 7 164
8 153 8 164
15 153 26 153
45 153 45 164
46 153 46 164
47 153 47 164
49 153 49 164
68 153 79 153
92 153 92 164
96 153 96 164
97 153 97 164
118 153 118 164
125 153 125 164
126 153 126 164
154 153 156 156
172 153 174 156
177 153 177 164
179 153 179 164
193 153 195 156
0 154 5 155
12 154 12 165
13 154 15 157
16 154 16 165
17 154 17 165
39 154 39 165
41 154 44 156
57 154 57 165
58 154 59 159
77 154 88 154
181 154 181 165
187 154 189 157
198 154 198 165
31 155 42 155
50 155 50 166
77 155 88 155
94 155 94 166
110 155 110 166
116 155 116 166
131 155 142 155
147 155 147 166
149 155 160 155
161 155 172 155
192 155 192 166
0 156 5 157
9 156 20 156
24 156 24 167
26 156 26 167
27 156 27 167
31 156 31 167
36 156 36 167
38 156 39 161
71 156 71 167
78 156 78 167
79 156 79 167
81 156 84 158
87 156 87 167
89 156 89 167
101 156 101 167
115 156 116 161
128 156 128 167
131 156 131 167
133 156 133 167
134 156 134 167
149 156 149 167
153 156 153 167
164 156 164 167
165 156 166 161
167 156 172 157
9 157 12 159
19 157 21 160
41 157 42 162
43 157 44 162
53 157 53 168
54 157 54 168
55 157 60 158
62 157 67 158
104 157 105 162
109 157 109 168
117 157 117 168
144 157 144 168
154 157 154 168
157 157 158 162
163 157 168 158
193 157 193 168
0 158 5 159
13 158 13 169
14 158 15 163
22 158 33 158
34 158 45 158
73 158 84 158
85 158 85 169
102 158 102 169
103 158 103 169
120 158 125 159
129 158 129 169
130 158 141 158
172 158 174 161
182 158 182 169
183 158 185 161
187 158 190 160
22 159 24 162
29 159 40 159
51 159 52 164
55 159 55 170
56 159 56 170
60 159 63 161
64 159 64 170
65 159 65 170
66 159 67 164
74 159 74 170
75 159 76 164
77 159 82 160
84 159 89 160
90 159 95 160
130 159 133 161
137 159 142 160
163 159 164 164
167 159 167 170
168 159 179 159
191 159 191 170
0 160 5 161
9 160 9 171
10 160 10 171
29 160 30 165
33 160 33 171
48 160 49 165
58 160 58 171
59 160 64 161
114 160 119 161
121 160 122 165
123 160 134 160
160 160 165 161
168 160 173 161
186 160 186 171
19 161 19 172
20 161 22 164
32 161 32 172
77 161 77 172
80 161 80 172
81 161 81 172
84 161 85 166
90 161 90 172
93 161 93 172
98 161 98 172
99 161 102 163
123 161 123 172
137 161 138 166
146 161 151 162
175 161 175 172
190 161 190 172
0 162 5 163
11 162 12 167
25 162 25 173
34 162 35 167
37 162 37 173
38 162 39 167
40 162 40 173
59 162 60 167
61 162 61 173
62 162 63 167
86 162 87 167
114 162 117 164
127 162 128 167
130 162 130 173
155 162 157 165
160 162 161 167
162 162 165 164
166 162 167 167
168 162 173 163
174 162 174 173
176 162 176 173
180 162 185 163
187 162 187 173
23 163 25 166
41 163 43 166
44 163 44 174
104 163 104 174
105 163 106 168
108 163 108 174
135 163 140 164
142 163 143 168
146 163 146 174
150 163 155 164
158 163 158 174
194 163 194 174
195 163 197 166
0 164 5 165
14 164 19 165
28 164 31 166
69 164 69 175
99 164 101 167
111 164 111 175
112 164 112 175
113 164 115 167
124 164 126 167
159 164 159 175
168 164 168 175
169 164 169 175
170 164 170 175
171 164 171 175
173 164 178 165
180 164 182 167
183 164 184 169
185 164 186 169
199 164 199 175
6 165 6 176
7 165 7 176
8 165 8 176
20 165 20 176
21 165 24 167
45 165 45 176
46 165 47 170
51 165 51 176
52 165 63 165
66 165 66 176
67 165 67 176
91 165 91 176
92 165 92 176
96 165 97 170
118 165 118 176
135 165 135 176
136 165 139 167
140 165 143 167
150 165 161 165
162 165 165 167
179 165 179 176
0 166 5 167
14 166 14 177
15 166 26 166
48 166 48 177
49 166 50 171
52 166 52 177
57 166 59 169
68 166 68 177
70 166 72 169
121 166 121 177
122 166 127 167
150 166 151 171
155 166 156 171
157 166 157 177
173 166 173 177
177 166 177 177
178 166 178 177
15 167 15 178
16 167 16 178
17 167 17 178
18 167 18 178
28 167 28 178
29 167 29 178
30 167 35 168
41 167 44 169
84 167 89 168
94 167 99 168
110 167 111 172
116 167 127 167
147 167 147 178
148 167 148 178
188 167 188 178
189 167 189 178
192 167 192 178
195 167 195 178
0 168 5 169
11 168 11 179
26 168 27 173
36 168 37 173
60 168 71 168
78 168 78 179
79 168 79 179
100 168 105 169
113 168 113 179
128 168 128 179
131 168 131 179
136 168 136 179
137 168 137 179
138 168 138 179
139 168 150 168
160 168 165 169
166 168 166 179
180 168 182 171
196 168 198 171
21 169 21 180
22 169 22 180
30 169 30 180
31 169 36 170
53 169 53 180
54 169 56 172
62 169 63 174
84 169 86 172
87 169 87 180
88 169 90 172
95 169 95 180
99 169 99 180
109 169 120 169
139 169 140 174
141 169 141 180
142 169 142 180
143 169 143 180
193 169 194 174
0 170 5 171
41 170 52 170
57 170 57 181
59 170 59 181
70 170 71 175
72 170 73 175
100 170 101 175
102 170 102 181
103 170 103 181
105 170 105 181
117 170 117 181
122 170 122 181
126 170 129 172
160 170 160 181
161 170 172 170
183 170 183 181
184 170 185 175
31 171 31 182
34 171 34 182
35 171 36 176
41 171 41 182
42 171 42 182
47 171 48 176
64 171 64 182
65 171 67 174
74 171 74 182
75 171 86 171
96 171 96 182
97 171 97 182
152 171 157 172
161 171 161 182
162 171 173 171
191 171 191 182
0 172 5 173
9 172 9 183
10 172 10 183
12 172 23 172
33 172 33 183
49 172 49 183
50 172 50 183
58 172 63 173
75 172 75 183
76 172 77 177
83 172 83 183
144 172 145 177
150 172 150 183
162 172 162 183
163 172 163 183
164 172 164 183
165 172 165 183
167 172 167 183
180 172 180 183
182 172 182 183
186 172 186 183
196 172 196 183
197 172 199 175
12 173 14 176
19 173 19 184
32 173 32 184
54 173 55 178
56 173 58 176
80 173 80 184
81 173 92 173
93 173 93 184
98 173 98 184
109 173 109 184
110 173 110 184
120 173 131 173
154 173 154 184
155 173 155 184
156 173 156 184
175 173 178 175
190 173 190 184
0 174 5 175
25 174 25 185
26 174 31 175
37 174 37 185
38 174 38 185
39 174 39 185
40 174 41 179
81 174 86 175
88 174 90 177
107 174 108 179
114 174 125 174
127 174 128 179
129 174 130 179
132 174 132 185
133 174 133 185
174 174 176 177
187 174 187 185
23 175 28 176
44 175 44 186
60 175 61 180
62 175 64 178
65 175 65 186
104 175 104 186
114 175 115 180
120 175 120 186
123 175 123 186
139 175 142 177
146 175 157 175
158 175 163 176
193 175 194 180
0 176 5 177
69 176 69 187
70 176 71 181
72 176 73 181
81 176 82 181
84 176 85 181
86 176 91 177
100 176 111 176
112 176 123 176
146 176 146 187
168 176 168 187
169 176 169 187
171 176 174 178
185 176 188 178
197 176 197 187
6 177 6 188
7 177 18 177
20 177 31 177
36 177 37 182
56 177 56 188
58 177 59 182
66 177 77 177
92 177 92 188
100 177 100 188
101 177 101 188
111 177 113 180
118 177 119 182
135 177 135 188
158 177 158 188
159 177 159 188
179 177 179 188
0 178 5 179
12 178 13 183
14 178 14 189
20 178 20 189
23 178 23 189
26 178 26 189
27 178 27 189
48 178 48 189
66 178 67 183
76 178 78 181
86 178 88 181
89 178 89 189
90 178 91 183
139 178 150 178
157 178 159 181
175 178 176 183
178 178 178 189
15 179 16 184
17 179 19 182
28 179 28 190
54 179 65 179
144 179 144 190
145 179 146 184
147 179 150 181
152 179 152 190
153 179 153 190
171 179 171 190
185 179 187 182
188 179 188 190
189 179 189 190
192 179 193 184
195 179 195 190
0 180 5 181
11 180 11 191
24 180 24 191
40 180 41 185
54 180 65 180
79 180 79 191
107 180 107 191
108 180 108 191
116 180 116 191
127 180 127 191
128 180 133 181
134 180 135 185
136 180 141 181
166 180 166 191
7 181 7 192
8 181 19 181
21 181 24 183
30 181 30 192
45 181 56 181
61 181 61 192
62 181 63 186
68 181 70 184
94 181 94 192
99 181 100 186
106 181 106 192
111 181 111 192
113 181 116 183
143 181 143 192
172 181 172 192
174 181 174 192
194 181 194 192
0 182 5 183
8 182 19 182
45 182 48 184
53 182 58 183
71 182 74 184
76 182 81 183
82 182 93 182
102 182 103 187
105 182 105 193
117 182 117 193
122 182 125 184
128 182 128 193
129 182 129 193
130 182 130 193
131 182 133 185
136 182 136 193
137 182 137 193
138 182 140 185
141 182 141 193
142 182 143 187
147 182 150 184
157 182 157 193
160 182 171 182
183 182 183 193
198 182 198 193
31 183 32 188
34 183 37 185
42 183 42 194
43 183 43 194
51 183 51 194
59 183 60 188
84 183 84 194
85 183 90 184
96 183 96 194
97 183 97 194
118 183 118 194
119 183 119 194
160 183 163 185
185 183 185 194
191 183 199 183
0 184 5 185
8 184 8 195
9 184 9 195
10 184 12 187
13 184 14 189
17 184 17 195
18 184 21 186
22 184 25 186
50 184 50 195
53 184 55 187
57 184 57 195
58 184 58 195
66 184 66 195
67 184 70 186
75 184 78 186
81 184 81 195
83 184 83 195
113 184 113 195
114 184 115 189
151 184 151 195
164 184 166 187
167 184 168 189
175 184 175 195
176 184 176 195
180 184 183 186
186 184 187 189
196 184 196 195
15 185 15 196
16 185 18 188
45 185 45 196
46 185 46 196
47 185 50 187
71 185 71 196
72 185 72 196
73 185 73 196
74 185 74 196
80 185 80 196
85 185 90 186
93 185 94 190
98 185 99 190
109 185 114 186
122 185 122 196
124 185 124 196
125 185 128 187
145 185 145 196
147 185 147 196
148 185 148 196
149 185 151 188
155 185 156 190
190 185 191 190
192 185 192 196
193 185 194 190
0 186 5 187
37 186 37 197
38 186 38 197
39 186 40 191
41 186 41 197
131 186 131 197
133 186 133 197
134 186 134 197
139 186 140 191
160 186 160 197
161 186 161 197
163 186 163 197
199 186 199 197
19 187 22 189
25 187 28 189
44 187 45 192
62 187 63 192
65 187 76 187
77 187 78 192
85 187 85 198
87 187 87 198
88 187 89 192
90 187 90 198
104 187 104 198
109 187 109 198
110 187 111 192
180 187 180 198
181 187 181 198
182 187 193 187
0 188 5 189
10 188 10 199
12 188 14 191
47 188 47 199
53 188 54 193
55 188 66 188
67 188 70 190
75 188 75 199
76 188 77 193
102 188 105 190
125 188 125 199
142 188 143 193
146 188 146 199
164 188 164 199
165 188 165 199
169 188 169 199
170 188 170 199
182 188 187 189
197 188 197 199
6 189 6 200
34 189 34 200
35 189 35 200
36 189 41 190
55 189 56 194
59 189 59 200
65 189 66 194
92 189 93 194
100 189 105 190
126 189 131 190
135 189 135 200
149 189 150 194
158 189 161 191
179 189 179 200
0 190 5 191
19 190 19 201
20 190 20 201
21 190 26 191
114 190 114 201
115 190 115 201
167 190 170 192
177 190 182 191
184 190 184 201
186 190 186 201
28 191 30 194
36 191 37 196
48 191 49 196
70 191 72 194
98 191 99 196
100 191 100 202
101 191 103 194
120 191 120 202
121 191 121 202
123 191 123 202
126 191 129 193
144 191 145 196
152 191 152 202
153 191 155 194
156 191 156 202
171 191 171 202
193 191 194 196
195 191 195 202
0 192 5 193
11 192 12 197
13 192 13 203
23 192 23 203
26 192 29 194
39 192 44 193
79 192 81 195
107 192 110 194
116 192 117 197
139 192 140 197
158 192 158 203
159 192 161 195
166 192 166 203
178 192 181 194
182 192 182 203
187 192 192 193
16 193 16 204
18 193 18 204
60 193 71 193
78 193 78 204
88 193 88 204
94 193 94 204
95 193 96 198
106 193 107 198
111 193 122 193
167 193 168 198
172 193 172 204
0 194 5 195
39 194 39 205
40 194 51 194
54 194 54 205
60 194 60 205
61 194 61 205
62 194 73 194
76 194 76 205
105 194 105 205
111 194 111 205
112 194 113 199
126 194 126 205
128 194 128 205
129 194 131 197
136 194 136 205
137 194 148 194
157 194 158 199
28 195 28 206
29 195 29 206
42 195 45 197
51 195 51 206
52 195 53 200
55 195 58 197
62 195 62 206
63 195 64 200
67 195 67 206
68 195 68 206
69 195 72 197
82 195 83 200
93 195 94 200
97 195 97 206
101 195 106 196
108 195 108 206
110 195 110 206
118 195 119 200
137 195 137 206
141 195 141 206
143 195 143 206
149 195 149 206
153 195 155 198
178 195 178 206
183 195 183 206
185 195 186 200
187 195 187 206
188 195 199 195
8 196 9 201
30 196 31 201
32 196 33 201
40 196 43 198
50 196 50 207
89 196 89 207
91 196 91 207
92 196 92 207
159 196 160 201
176 196 176 207
188 196 193 197
15 197 15 208
36 197 39 199
46 197 47 202
48 197 48 208
49 197 51 200
73 197 78 198
79 197 79 208
80 197 80 208
99 197 99 208
101 197 104 199
122 197 122 208
144 197 149 198
173 197 174 202
175 197 175 208
198 197 198 208
0 198 5 199
24 198 25 203
44 198 45 203
57 198 57 209
58 198 63 199
69 198 69 209
70 198 70 209
72 198 73 203
116 198 116 209
117 198 117 209
129 198 130 203
131 198 132 203
133 198 133 209
138 198 139 203
140 198 140 209
161 198 161 209
162 198 167 199
188 198 188 209
189 198 191 201
192 198 192 209
193 198 193 209
199 198 199 209
40 199 40 210
41 199 43 202
85 199 86 204
87 199 88 204
90 199 90 210
95 199 106 199
107 199 118 199
144 199 144 210
145 199 147 202
148 199 149 204
153 199 153 210
154 199 156 202
168 199 169 204
181 199 181 210
10 200 10 211
36 200 37 205
58 200 58 211
95 200 95 211
96 200 96 211
101 200 102 205
103 200 106 202
107 200 108 205
157 200 157 211
162 200 164 203
165 200 165 211
167 200 168 205
170 200 171 205
6 201 7 206
34 201 36 204
49 201 49 212
52 201 54 204
63 201 63 212
64 201 64 212
65 201 65 212
66 201 66 212
82 201 82 212
83 201 86 203
112 201 112 212
113 201 113 212
118 201 121 203
124 201 124 212
125 201 126 206
150 201 150 212
151 201 151 212
185 201 187 204
0 202 5 203
8 202 8 213
9 202 9 213
19 202 19 213
20 202 20 213
27 202 28 207
30 202 30 213
93 202 95 205
114 202 114 213
134 202 145 202
159 202 159 213
160 202 161 207
184 202 195 202
47 203 49 206
103 203 106 205
123 203 123 214
134 203 134 214
135 203 135 214
145 203 145 214
146 203 146 214
147 203 147 214
152 203 152 214
154 203 154 214
155 203 155 214
156 203 156 214
173 203 173 214
174 203 174 214
184 203 184 214
189 203 199 203
0 204 5 205
11 204 22 204
23 204 23 215
59 204 62 206
72 204 72 215
73 204 73 215
83 204 83 215
118 204 119 209
120 204 125 205
129 204 131 207
132 204 133 209
138 204 139 209
158 204 158 215
162 204 162 215
163 204 163 215
164 204 164 215
166 204 166 215
177 204 177 215
182 204 182 215
190 204 190 215
191 204 196 205
11 205 11 216
12 205 12 216
13 205 13 216
14 205 14 216
16 205 17 210
18 205 29 205
34 205 45 205
46 205 46 216
52 205 52 216
74 205 74 216
75 205 75 216
77 205 78 210
85 205 85 216
86 205 87 210
88 205 89 210
148 205 149 210
169 205 170 210
172 205 172 216
185 205 185 216
186 205 186 216
0 206 5 207
18 206 18 217
21 206 22 211
24 206 24 217
25 206 25 217
35 206 35 217
36 206 36 217
37 206 40 208
42 206 53 206
54 206 54 217
76 206 78 209
93 206 93 217
94 206 95 211
102 206 102 217
103 206 103 217
104 206 104 217
105 206 105 217
107 206 107 217
111 206 114 208
127 206 127 217
128 206 128 217
136 206 136 217
167 206 168 211
171 206 172 211
191 206 191 217
195 206 195 217
6 207 9 209
26 207 28 210
29 207 30 212
42 207 47 208
51 207 51 218
53 207 54 212
60 207 60 218
61 207 66 208
84 207 85 212
97 207 102 208
108 207 108 218
110 207 110 218
125 207 127 210
137 207 138 212
178 207 179 212
187 207 187 218
0 208 5 209
50 208 51 213
67 208 72 209
81 208 81 219
91 208 92 213
129 208 129 219
130 208 130 219
131 208 142 208
143 208 143 219
160 208 161 213
176 208 176 219
15 209 15 220
31 209 31 220
32 209 32 220
33 209 34 214
37 209 37 220
39 209 39 220
42 209 42 220
44 209 47 211
48 209 48 220
61 209 62 214
79 209 79 220
80 209 80 220
97 209 98 214
99 209 99 220
100 209 103 211
122 209 122 220
131 209 132 214
141 209 141 220
175 209 176 214
194 209 194 220
198 209 199 214
0 210 5 211
6 210 8 213
55 210 58 212
67 210 67 221
68 210 79 210
116 210 117 215
133 210 133 221
139 210 139 221
140 210 141 215
188 210 188 221
192 210 194 213
16 211 16 222
26 211 27 216
28 211 29 216
40 211 51 211
68 211 68 222
69 211 69 222
70 211 70 222
71 211 74 213
86 211 86 222
87 211 87 222
88 211 88 222
89 211 89 222
90 211 92 214
126 211 137 211
142 211 142 222
148 211 151 213
153 211 158 212
169 211 169 222
170 211 171 216
180 211 180 222
183 211 183 222
0 212 5 213
10 212 21 212
22 212 23 217
38 212 39 217
40 212 41 217
44 212 47 214
94 212 94 223
95 212 95 223
96 212 98 215
100 212 111 212
126 212 137 212
165 212 166 217
167 212 178 212
10 213 10 224
21 213 21 224
53 213 53 224
56 213 59 215
63 213 64 218
66 213 66 224
82 213 85 215
101 213 106 214
109 213 112 215
113 213 115 216
124 213 124 224
126 213 126 224
137 213 137 224
138 213 139 218
153 213 153 224
167 213 167 224
0 214 5 215
8 214 10 217
50 214 53 216
118 214 118 225
119 214 119 225
120 214 131 214
148 214 150 217
151 214 152 219
159 214 159 225
160 214 160 225
192 214 192 225
193 214 194 219
196 214 196 225
197 214 198 219
19 215 19 226
30 215 33 217
34 215 39 216
44 215 47 217
61 215 61 226
62 215 63 220
91 215 102 215
120 215 120 226
123 215 128 216
131 215 131 226
132 215 132 226
134 215 139 216
145 215 148 217
154 215 159 216
173 215 175 218
184 215 195 215
0 216 5 217
56 216 56 227
58 216 59 221
82 216 82 227
83 216 83 227
84 216 86 219
91 216 93 219
96 216 101 217
109 216 112 218
116 216 116 227
117 216 119 219
140 216 142 219
162 216 165 218
177 216 177 227
184 216 185 221
189 216 194 217
11 217 11 228
12 217 12 228
13 217 13 228
14 217 14 228
26 217 26 228
27 217 27 228
28 217 31 219
34 217 34 228
50 217 52 220
72 217 72 228
73 217 78 218
113 217 124 217
134 217 135 222
155 217 158 219
171 217 171 228
172 217 172 228
181 217 182 222
0 218 5 219
9 218 9 229
18 218 29 218
33 218 35 221
38 218 39 223
40 218 45 219
46 218 47 223
54 218 59 219
96 218 98 221
102 218 102 229
103 218 103 229
104 218 104 229
106 218 109 220
113 218 113 229
115 218 115 229
123 218 126 220
127 218 127 229
128 218 128 229
136 218 141 219
145 218 145 229
146 218 147 223
148 218 148 229
149 218 149 229
150 218 153 220
166 218 168 221
189 218 189 229
190 218 191 223
195 218 196 223
18 219 18 230
20 219 20 230
22 219 22 230
23 219 23 230
24 219 24 230
25 219 27 222
60 219 71 219
73 219 73 230
75 219 78 221
110 219 110 230
112 219 112 230
162 219 162 230
163 219 164 224
175 219 178 221
179 219 180 224
187 219 187 230
0 220 5 221
7 220 9 223
29 220 29 231
30 220 30 231
40 220 40 231
41 220 42 225
44 220 45 225
54 220 54 231
60 220 61 225
64 220 69 221
81 220 81 231
91 220 91 231
93 220 93 231
117 220 118 225
129 220 129 231
130 220 131 225
136 220 136 231
138 220 138 231
140 220 140 231
143 220 144 225
155 220 155 231
156 220 158 223
193 220 193 231
197 220 197 231
198 220 199 225
15 221 15 232
31 221 31 232
32 221 33 226
43 221 48 222
50 221 51 226
52 221 52 232
79 221 79 232
106 221 106 232
107 221 107 232
108 221 108 232
111 221 111 232
122 221 122 232
123 221 123 232
141 221 141 232
150 221 150 232
151 221 151 232
194 221 194 232
0 222 5 223
35 222 46 222
58 222 61 224
75 222 75 233
77 222 77 233
78 222 89 222
96 222 98 225
133 222 136 224
166 222 171 223
175 222 177 225
178 222 178 233
184 222 184 233
16 223 18 226
25 223 25 234
35 223 35 234
48 223 48 234
62 223 63 228
67 223 67 234
68 223 68 234
69 223 69 234
70 223 70 234
76 223 81 224
87 223 98 223
125 223 136 223
142 223 142 234
181 223 181 234
0 224 5 225
7 224 8 229
36 224 36 235
37 224 39 227
46 224 46 235
47 224 48 229
87 224 87 235
121 224 121 235
125 224 128 226
146 224 146 235
147 224 149 227
156 224 156 235
157 224 159 227
166 224 166 235
169 224 169 235
183 224 183 235
185 224 186 229
188 224 189 229
190 224 193 226
195 224 195 235
10 225 12 228
21 225 24 227
49 225 52 227
58 225 58 236
59 225 60 230
65 225 65 236
66 225 66 236
76 225 76 236
78 225 81 227
88 225 88 236
94 225 95 230
100 225 100 236
124 225 127 227
133 225 136 227
153 225 153 236
163 225 163 236
164 225 167 227
168 225 168 236
179 225 179 236
180 225 180 236
41 226 42 231
45 226 46 231
85 226 85 237
86 226 87 231
96 226 96 237
97 226 97 237
98 226 101 228
117 226 122 227
130 226 133 228
143 226 143 237
144 226 145 231
160 226 165 227
175 226 177 229
196 226 196 237
198 226 198 237
19 227 19 238
32 227 32 238
33 227 33 238
61 227 61 238
190 227 191 232
192 227 192 238
0 228 5 229
21 228 21 239
37 228 37 239
38 228 41 230
49 228 49 239
50 228 51 233
57 228 57 239
78 228 83 229
116 228 127 228
134 228 136 231
147 228 158 228
161 228 164 230
167 228 167 239
10 229 13 231
14 229 14 240
26 229 27 234
34 229 34 240
62 229 73 229
98 229 101 231
116 229 119 231
120 229 125 230
130 229 130 240
131 229 131 240
137 229 137 240
147 229 152 230
154 229 155 234
157 229 168 229
170 229 172 232
0 230 5 231
7 230 9 233
47 230 52 231
62 230 62 241
63 230 63 241
71 230 71 241
72 230 72 241
78 230 79 235
82 230 82 241
83 230 83 241
102 230 103 235
104 230 104 241
105 230 105 241
113 230 115 233
127 230 128 235
157 230 158 235
175 230 175 241
176 230 187 230
18 231 18 242
20 231 20 242
22 231 22 242
23 231 24 236
38 231 38 242
53 231 58 232
59 231 59 242
60 231 60 242
73 231 84 231
89 231 89 242
120 231 120 242
124 231 124 242
125 231 136 231
161 231 163 234
164 231 164 242
165 231 165 242
173 231 175 234
176 231 176 242
177 231 178 236
185 231 187 234
0 232 5 233
6 232 11 233
12 232 15 234
28 232 28 243
29 232 29 243
30 232 31 237
40 232 40 243
45 232 48 234
73 232 76 234
81 232 83 235
84 232 84 243
86 232 86 243
90 232 90 243
92 232 92 243
93 232 94 237
95 232 98 234
101 232 104 234
116 232 119 234
125 232 125 243
129 232 129 243
135 232 135 243
136 232 137 237
138 232 138 243
140 232 145 233
147 232 147 243
148 232 149 237
16 233 17 238
53 233 53 244
54 233 65 233
99 233 102 235
106 233 106 244
107 233 109 236
122 233 122 244
123 233 124 238
133 233 134 238
151 233 151 244
152 233 154 236
170 233 172 236
190 233 190 244
193 233 193 244
194 233 194 244
0 234 5 235
50 234 61 234
112 234 113 239
114 234 125 234
139 234 139 245
140 234 145 235
184 234 184 245
6 235 6 246
7 235 7 246
8 235 8 246
10 235 13 237
15 235 15 246
25 235 25 246
26 235 26 246
27 235 38 235
43 235 54 235
55 235 60 236
64 235 75 235
95 235 106 235
117 235 117 246
118 235 118 246
155 235 155 246
161 235 164 237
173 235 173 246
197 235 197 246
0 236 5 237
35 236 35 247
36 236 36 247
48 236 48 247
50 236 50 247
67 236 78 236
81 236 81 247
87 236 87 247
95 236 95 247
98 236 98 247
99 236 101 239
102 236 103 241
121 236 121 247
127 236 127 247
128 236 129 241
140 236 145 237
146 236 146 247
156 236 156 247
157 236 160 238
169 236 172 238
181 236 181 247
182 236 182 247
183 236 188 237
189 236 190 241
195 236 195 247
23 237 24 242
55 237 55 248
56 237 56 248
58 237 58 248
68 237 68 248
69 237 69 248
74 237 75 242
76 237 78 240
88 237 89 242
107 237 108 242
109 237 111 240
152 237 152 248
168 237 168 248
177 237 177 248
178 237 179 242
180 237 185 238
0 238 5 239
10 238 15 239
30 238 30 249
31 238 31 249
41 238 52 238
79 238 82 240
85 238 85 249
96 238 96 249
140 238 141 243
148 238 151 240
161 238 161 249
162 238 162 249
163 238 168 239
186 238 188 241
196 238 197 243
17 239 28 239
32 239 32 249
33 239 38 240
46 239 51 240
54 239 57 241
61 239 63 242
123 239 134 239
157 239 159 242
169 239 169 249
170 239 173 241
180 239 180 249
183 239 186 241
0 240 5 241
10 240 10 249
11 240 11 249
12 240 14 243
70 240 75 241
101 240 101 249
112 240 117 241
123 240 125 243
133 240 133 249
153 240 153 249
154 240 154 249
160 240 160 249
163 240 164 245
167 240 167 249
33 241 34 246
37 241 38 246
46 241 47 246
49 241 50 246
51 241 62 241
65 241 65 249
66 241 66 249
76 241 76 249
78 241 78 249
79 241 80 246
97 241 98 246
99 241 99 249
100 241 101 246
109 241 111 244
130 241 135 242
142 241 143 246
145 241 145 249
148 241 148 249
149 241 152 243
0 242 5 243
27 242 38 242
41 242 42 247
44 242 46 245
51 242 52 247
70 242 71 247
103 242 103 249
104 242 106 245
113 242 116 244
128 242 128 249
171 242 172 247
198 242 198 249
18 243 29 243
60 243 65 244
72 243 75 245
82 243 85 245
88 243 89 248
108 243 111 245
120 243 125 244
158 243 161 245
165 243 167 246
0 244 5 245
12 244 15 246
19 244 24 245
28 244 30 247
40 244 42 247
91 244 94 246
63 245 66 247
113 245 118 246
120 245 121 249
123 245 124 249
129 245 131 248
194 245 197 247
0 246 5 247
20 246 25 247
44 246 46 249
75 246 78 248
108 246 119 246
147 246 152 247
163 246 164 249
184 246 187 248
8 247 13 248
26 247 28 249
37 247 40 249
83 247 86 249
92 247 103 247
108 247 119 247
173 247 176 249
191 247 196 248
0 248 5 249
21 248 32 248
35 248 46 248
97 248 102 249
109 248 120 248
146 248 157 248
58 249 69 249
110 249 121 249
